<?xml version="1.0" encoding="UTF-8"?>
<testsuite xmlns:xsi="http://www.w3.org/2001/XMLSchema-instance" xsi:noNamespaceSchemaLocation="https://maven.apache.org/surefire/maven-surefire-plugin/xsd/surefire-test-report-3.0.xsd" version="3.0" name="com.tarakeswar.testRunner.TestRunner" time="134.484" tests="3" errors="0" skipped="0" failures="0">
  <properties>
[...]
</properties>
  <testcase name="runScenario[&quot;Add a new customer&quot;, &quot;Customers&quot;](1)" classname="com.tarakeswar.testRunner.TestRunner" time="69.712">
    <system-out><![CDATA[
@sanity
Scenario: Add a new customer                                                              # src/test/resources/featureFiles/Customers.feature:11
04-26-2023 04:34:25 InternalLoggerFactory.java DEBUG [main] logging.InternalLoggerFactory 89 - Using Log4J as the default logging framework
04-26-2023 04:34:25 ResourceLeakDetector.java DEBUG [main] util.ResourceLeakDetector 129 - -Dio.netty.leakDetection.level: simple
04-26-2023 04:34:25 ResourceLeakDetector.java DEBUG [main] util.ResourceLeakDetector 130 - -Dio.netty.leakDetection.targetRecords: 4
04-26-2023 04:34:25 ResourceLeakDetectorFactory.java DEBUG [main] util.ResourceLeakDetectorFactory 196 - Loaded default ResourceLeakDetector: io.netty.util.ResourceLeakDetector@7a639ec5
04-26-2023 04:34:26 PlatformDependent0.java DEBUG [main] internal.PlatformDependent0 496 - -Dio.netty.noUnsafe: false
04-26-2023 04:34:26 PlatformDependent0.java DEBUG [main] internal.PlatformDependent0 1000 - Java version: 11
04-26-2023 04:34:26 PlatformDependent0.java DEBUG [main] internal.PlatformDependent0 137 - sun.misc.Unsafe.theUnsafe: available
04-26-2023 04:34:26 PlatformDependent0.java DEBUG [main] internal.PlatformDependent0 161 - sun.misc.Unsafe.copyMemory: available
04-26-2023 04:34:26 PlatformDependent0.java DEBUG [main] internal.PlatformDependent0 193 - sun.misc.Unsafe.storeFence: available
04-26-2023 04:34:26 PlatformDependent0.java DEBUG [main] internal.PlatformDependent0 236 - java.nio.Buffer.address: available
04-26-2023 04:34:26 PlatformDependent0.java DEBUG [main] internal.PlatformDependent0 320 - direct buffer constructor: unavailable: Reflective setAccessible(true) disabled
04-26-2023 04:34:26 PlatformDependent0.java DEBUG [main] internal.PlatformDependent0 385 - java.nio.Bits.unaligned: available, true
04-26-2023 04:34:26 PlatformDependent0.java DEBUG [main] internal.PlatformDependent0 452 - jdk.internal.misc.Unsafe.allocateUninitializedArray(int): unavailable: class io.netty.util.internal.PlatformDependent0$7 cannot access class jdk.internal.misc.Unsafe (in module java.base) because module java.base does not export jdk.internal.misc to unnamed module @2c5529ab
04-26-2023 04:34:26 PlatformDependent0.java DEBUG [main] internal.PlatformDependent0 482 - java.nio.DirectByteBuffer.<init>(long, int): unavailable
04-26-2023 04:34:26 PlatformDependent.java DEBUG [main] internal.PlatformDependent 1159 - sun.misc.Unsafe: available
04-26-2023 04:34:26 PlatformDependent.java DEBUG [main] internal.PlatformDependent 1270 - maxDirectMemory: 1046478848 bytes (maybe)
04-26-2023 04:34:26 PlatformDependent.java DEBUG [main] internal.PlatformDependent 1289 - -Dio.netty.tmpdir: C:\Users\user\AppData\Local\Temp (java.io.tmpdir)
04-26-2023 04:34:26 PlatformDependent.java DEBUG [main] internal.PlatformDependent 1368 - -Dio.netty.bitMode: 64 (sun.arch.data.model)
04-26-2023 04:34:26 PlatformDependent.java DEBUG [main] internal.PlatformDependent 1119 - Platform: Windows
04-26-2023 04:34:26 PlatformDependent.java DEBUG [main] internal.PlatformDependent 178 - -Dio.netty.maxDirectMemory: -1 bytes
04-26-2023 04:34:26 PlatformDependent.java DEBUG [main] internal.PlatformDependent 185 - -Dio.netty.uninitializedArrayAllocationThreshold: -1
04-26-2023 04:34:26 CleanerJava9.java DEBUG [main] internal.CleanerJava9 71 - java.nio.ByteBuffer.cleaner(): available
04-26-2023 04:34:26 PlatformDependent.java DEBUG [main] internal.PlatformDependent 205 - -Dio.netty.noPreferDirect: false
04-26-2023 04:34:26 PlatformDependent.java DEBUG [main] internal.PlatformDependent 1010 - org.jctools-core.MpscChunkedArrayQueue: available
04-26-2023 04:34:26 InternalThreadLocalMap.java DEBUG [main] internal.InternalThreadLocalMap 100 - -Dio.netty.threadLocalMap.stringBuilder.initialSize: 1024
04-26-2023 04:34:26 InternalThreadLocalMap.java DEBUG [main] internal.InternalThreadLocalMap 101 - -Dio.netty.threadLocalMap.stringBuilder.maxSize: 4096
04-26-2023 04:34:27 JdkSslContext.java DEBUG [main] ssl.JdkSslContext 83 - Default protocols (JDK): [TLSv1.3, TLSv1.2] 
04-26-2023 04:34:27 JdkSslContext.java DEBUG [main] ssl.JdkSslContext 84 - Default cipher suites (JDK): [TLS_ECDHE_ECDSA_WITH_AES_256_GCM_SHA384, TLS_ECDHE_ECDSA_WITH_AES_128_GCM_SHA256, TLS_ECDHE_RSA_WITH_AES_128_GCM_SHA256, TLS_ECDHE_RSA_WITH_AES_256_GCM_SHA384, TLS_ECDHE_RSA_WITH_AES_128_CBC_SHA, TLS_ECDHE_RSA_WITH_AES_256_CBC_SHA, TLS_RSA_WITH_AES_128_GCM_SHA256, TLS_RSA_WITH_AES_128_CBC_SHA, TLS_RSA_WITH_AES_256_CBC_SHA, TLS_AES_128_GCM_SHA256, TLS_AES_256_GCM_SHA384]
04-26-2023 04:34:27 MultithreadEventLoopGroup.java DEBUG [main] channel.MultithreadEventLoopGroup 44 - -Dio.netty.eventLoopThreads: 8
04-26-2023 04:34:27 NioEventLoop.java DEBUG [main] nio.NioEventLoop 110 - -Dio.netty.noKeySetOptimization: false
04-26-2023 04:34:27 NioEventLoop.java DEBUG [main] nio.NioEventLoop 111 - -Dio.netty.selectorAutoRebuildThreshold: 512
04-26-2023 04:34:27 PooledByteBufAllocator.java DEBUG [main] buffer.PooledByteBufAllocator 157 - -Dio.netty.allocator.numHeapArenas: 8
04-26-2023 04:34:27 PooledByteBufAllocator.java DEBUG [main] buffer.PooledByteBufAllocator 158 - -Dio.netty.allocator.numDirectArenas: 8
04-26-2023 04:34:27 PooledByteBufAllocator.java DEBUG [main] buffer.PooledByteBufAllocator 160 - -Dio.netty.allocator.pageSize: 8192
04-26-2023 04:34:27 PooledByteBufAllocator.java DEBUG [main] buffer.PooledByteBufAllocator 165 - -Dio.netty.allocator.maxOrder: 9
04-26-2023 04:34:27 PooledByteBufAllocator.java DEBUG [main] buffer.PooledByteBufAllocator 169 - -Dio.netty.allocator.chunkSize: 4194304
04-26-2023 04:34:27 PooledByteBufAllocator.java DEBUG [main] buffer.PooledByteBufAllocator 170 - -Dio.netty.allocator.smallCacheSize: 256
04-26-2023 04:34:27 PooledByteBufAllocator.java DEBUG [main] buffer.PooledByteBufAllocator 171 - -Dio.netty.allocator.normalCacheSize: 64
04-26-2023 04:34:27 PooledByteBufAllocator.java DEBUG [main] buffer.PooledByteBufAllocator 172 - -Dio.netty.allocator.maxCachedBufferCapacity: 32768
04-26-2023 04:34:27 PooledByteBufAllocator.java DEBUG [main] buffer.PooledByteBufAllocator 173 - -Dio.netty.allocator.cacheTrimInterval: 8192
04-26-2023 04:34:27 PooledByteBufAllocator.java DEBUG [main] buffer.PooledByteBufAllocator 174 - -Dio.netty.allocator.cacheTrimIntervalMillis: 0
04-26-2023 04:34:27 PooledByteBufAllocator.java DEBUG [main] buffer.PooledByteBufAllocator 175 - -Dio.netty.allocator.useCacheForAllThreads: false
04-26-2023 04:34:27 PooledByteBufAllocator.java DEBUG [main] buffer.PooledByteBufAllocator 176 - -Dio.netty.allocator.maxCachedByteBuffersPerChunk: 1023
04-26-2023 04:34:27 ByteBufUtil.java DEBUG [main] buffer.ByteBufUtil 87 - -Dio.netty.allocator.type: pooled
04-26-2023 04:34:27 ByteBufUtil.java DEBUG [main] buffer.ByteBufUtil 96 - -Dio.netty.threadLocalDirectBufferSize: 0
04-26-2023 04:34:27 ByteBufUtil.java DEBUG [main] buffer.ByteBufUtil 99 - -Dio.netty.maxThreadLocalCharBufferSize: 16384
04-26-2023 04:34:29 DefaultChannelId.java DEBUG [Forwarding newSession on session null to remote] channel.DefaultChannelId 79 - -Dio.netty.processId: 1816 (auto-detected)
04-26-2023 04:34:29 NetUtil.java DEBUG [Forwarding newSession on session null to remote] util.NetUtil 142 - -Djava.net.preferIPv4Stack: false
04-26-2023 04:34:29 NetUtil.java DEBUG [Forwarding newSession on session null to remote] util.NetUtil 143 - -Djava.net.preferIPv6Addresses: false
04-26-2023 04:34:29 NetUtilInitializations.java DEBUG [Forwarding newSession on session null to remote] util.NetUtilInitializations 139 - Loopback interface: lo (Software Loopback Interface 1, 127.0.0.1)
04-26-2023 04:34:29 NetUtil.java DEBUG [Forwarding newSession on session null to remote] util.NetUtil 200 - Failed to get SOMAXCONN from sysctl and file \proc\sys\net\core\somaxconn. Default: 200
04-26-2023 04:34:29 DefaultChannelId.java DEBUG [Forwarding newSession on session null to remote] channel.DefaultChannelId 101 - -Dio.netty.machineId: 74:29:af:ff:fe:14:66:dd (auto-detected)
04-26-2023 04:34:30 AbstractByteBuf.java DEBUG [AsyncHttpClient-1-2] buffer.AbstractByteBuf 63 - -Dio.netty.buffer.checkAccessible: true
04-26-2023 04:34:30 AbstractByteBuf.java DEBUG [AsyncHttpClient-1-2] buffer.AbstractByteBuf 64 - -Dio.netty.buffer.checkBounds: true
04-26-2023 04:34:30 ResourceLeakDetectorFactory.java DEBUG [AsyncHttpClient-1-2] util.ResourceLeakDetectorFactory 196 - Loaded default ResourceLeakDetector: io.netty.util.ResourceLeakDetector@3f12c7a1
04-26-2023 04:34:30 Recycler.java DEBUG [AsyncHttpClient-1-2] util.Recycler 85 - -Dio.netty.recycler.maxCapacityPerThread: 4096
04-26-2023 04:34:30 Recycler.java DEBUG [AsyncHttpClient-1-2] util.Recycler 86 - -Dio.netty.recycler.ratio: 8
04-26-2023 04:34:30 Recycler.java DEBUG [AsyncHttpClient-1-2] util.Recycler 87 - -Dio.netty.recycler.chunkSize: 32
04-26-2023 04:34:30 Recycler.java DEBUG [AsyncHttpClient-1-2] util.Recycler 88 - -Dio.netty.recycler.blocking: false
04-26-2023 04:34:34 Brotli.java DEBUG [AsyncHttpClient-1-2] compression.Brotli 38 - brotli4j not in the classpath; Brotli support will be unavailable.
04-26-2023 04:34:34 ThreadLocalRandom.java DEBUG [main] internal.ThreadLocalRandom 214 - -Dio.netty.initialSeedUniquifier: 0xddbca677743fb755
04-26-2023 04:34:34 StepDefinations.java INFO  [main] Cucumber_Selenium_2023 34 - ************ Launching the browser*************
  Given user launch chrome browser                                                        # com.tarakeswar.stepDefinations.StepDefinations.user_launch_chrome_browser()
04-26-2023 04:34:37 StepDefinations.java INFO  [main] Cucumber_Selenium_2023 43 - ************ Launching the https://admin-demo.nopcommerce.com/login*************
  When user opens URL "https://admin-demo.nopcommerce.com/login"                          # com.tarakeswar.stepDefinations.StepDefinations.user_opens_url(java.lang.String)
04-26-2023 04:34:37 StepDefinations.java INFO  [main] Cucumber_Selenium_2023 51 - ************ Enetering username asadmin@yourstore.com*************
04-26-2023 04:34:37 StepDefinations.java INFO  [main] Cucumber_Selenium_2023 53 - ************ Enetering password asadmin*************
  And user enters email as "admin@yourstore.com" and password as "admin"                  # com.tarakeswar.stepDefinations.StepDefinations.user_enters_email_as_and_password_as(java.lang.String,java.lang.String)
04-26-2023 04:34:44 StepDefinations.java INFO  [main] Cucumber_Selenium_2023 59 - ************ clicking on sign in button *************
  And click on login                                                                      # com.tarakeswar.stepDefinations.StepDefinations.click_on_login()
  Then user can view dashboard                                                            # com.tarakeswar.stepDefinations.StepDefinations.user_can_view_dashboard()
04-26-2023 04:34:49 StepDefinations.java INFO  [main] Cucumber_Selenium_2023 101 - ************ clicking on the customer menu *************
  When user clicks on the customer menu                                                   # com.tarakeswar.stepDefinations.StepDefinations.user_clicks_on_the_customer_menu()
04-26-2023 04:35:00 StepDefinations.java INFO  [main] Cucumber_Selenium_2023 110 - ************ clicking on the customer menu item *************
  And click on customers menu Item                                                        # com.tarakeswar.stepDefinations.StepDefinations.click_on_customers_menu_item()
04-26-2023 04:35:09 StepDefinations.java INFO  [main] Cucumber_Selenium_2023 119 - ************ clicking on the add new customer button *************
  And click on Add new button                                                             # com.tarakeswar.stepDefinations.StepDefinations.click_on_add_new_button()
  Then user can view add customer new page                                                # com.tarakeswar.stepDefinations.StepDefinations.user_can_view_add_customer_new_page()
04-26-2023 04:35:17 StepDefinations.java INFO  [main] Cucumber_Selenium_2023 145 - ************ customer information is added *************
  When user enters customer information                                                   # com.tarakeswar.stepDefinations.StepDefinations.user_enters_customer_information()
04-26-2023 04:35:25 StepDefinations.java INFO  [main] Cucumber_Selenium_2023 152 - ************ clicking on the save button *************
  And click on save button                                                                # com.tarakeswar.stepDefinations.StepDefinations.click_on_save_button()
04-26-2023 04:35:26 StepDefinations.java INFO  [main] Cucumber_Selenium_2023 158 - ************ Verified the successful message *************
  Then user can view confirmation message "The new customer has been added successfully." # com.tarakeswar.stepDefinations.StepDefinations.user_can_view_confirmation_message(java.lang.String)
04-26-2023 04:35:26 StepDefinations.java INFO  [main] Cucumber_Selenium_2023 86 - ************ closing the browser *************
  And close the browser                                                                   # com.tarakeswar.stepDefinations.StepDefinations.close_the_browser()
]]></system-out>
    <system-err><![CDATA[SLF4J: Failed to load class "org.slf4j.impl.StaticLoggerBinder".
SLF4J: Defaulting to no-operation (NOP) logger implementation
SLF4J: See http://www.slf4j.org/codes.html#StaticLoggerBinder for further details.
Starting ChromeDriver 112.0.5615.49 (bd2a7bcb881c11e8cfe3078709382934e3916914-refs/branch-heads/5615@{#936}) on port 21752
All remote connections are allowed. Use an allowlist instead!
Please see https://chromedriver.chromium.org/security-considerations for suggestions on keeping ChromeDriver safe.
ChromeDriver was started successfully.
Apr 26, 2023 4:34:34 AM org.openqa.selenium.devtools.CdpVersionFinder findNearestMatch
WARNING: Unable to find an exact match for CDP version 112, so returning the closest version found: 110
]]></system-err>
  </testcase>
  <testcase name="runScenario[&quot;Search Customer by EmailID&quot;, &quot;Customers&quot;](2)" classname="com.tarakeswar.testRunner.TestRunner" time="27.994">
    <system-out><![CDATA[
@regression
Scenario: Search Customer by EmailID                                     # src/test/resources/featureFiles/Customers.feature:21
04-26-2023 04:35:29 StepDefinations.java INFO  [main] Cucumber_Selenium_2023 34 - ************ Launching the browser*************
  Given user launch chrome browser                                       # com.tarakeswar.stepDefinations.StepDefinations.user_launch_chrome_browser()
04-26-2023 04:35:31 StepDefinations.java INFO  [main] Cucumber_Selenium_2023 43 - ************ Launching the https://admin-demo.nopcommerce.com/login*************
  When user opens URL "https://admin-demo.nopcommerce.com/login"         # com.tarakeswar.stepDefinations.StepDefinations.user_opens_url(java.lang.String)
04-26-2023 04:35:31 StepDefinations.java INFO  [main] Cucumber_Selenium_2023 51 - ************ Enetering username asadmin@yourstore.com*************
04-26-2023 04:35:31 StepDefinations.java INFO  [main] Cucumber_Selenium_2023 53 - ************ Enetering password asadmin*************
  And user enters email as "admin@yourstore.com" and password as "admin" # com.tarakeswar.stepDefinations.StepDefinations.user_enters_email_as_and_password_as(java.lang.String,java.lang.String)
04-26-2023 04:35:37 StepDefinations.java INFO  [main] Cucumber_Selenium_2023 59 - ************ clicking on sign in button *************
  And click on login                                                     # com.tarakeswar.stepDefinations.StepDefinations.click_on_login()
  Then user can view dashboard                                           # com.tarakeswar.stepDefinations.StepDefinations.user_can_view_dashboard()
04-26-2023 04:35:42 StepDefinations.java INFO  [main] Cucumber_Selenium_2023 101 - ************ clicking on the customer menu *************
  When user clicks on the customer menu                                  # com.tarakeswar.stepDefinations.StepDefinations.user_clicks_on_the_customer_menu()
04-26-2023 04:35:50 StepDefinations.java INFO  [main] Cucumber_Selenium_2023 110 - ************ clicking on the customer menu item *************
  And click on customers menu Item                                       # com.tarakeswar.stepDefinations.StepDefinations.click_on_customers_menu_item()
04-26-2023 04:35:50 StepDefinations.java INFO  [main] Cucumber_Selenium_2023 168 - ************ Entering the email *************
  And enter customer email                                               # com.tarakeswar.stepDefinations.StepDefinations.enter_customer_email()
04-26-2023 04:35:51 StepDefinations.java INFO  [main] Cucumber_Selenium_2023 173 - ************ clicking the seach button *************
  When click on search button                                            # com.tarakeswar.stepDefinations.StepDefinations.click_on_search_button()
victoria_victoria@nopCommerce.com
  Then user should found email in the search table                       # com.tarakeswar.stepDefinations.StepDefinations.user_should_found_email_in_the_search_table()
04-26-2023 04:35:54 StepDefinations.java INFO  [main] Cucumber_Selenium_2023 86 - ************ closing the browser *************
  And close the browser                                                  # com.tarakeswar.stepDefinations.StepDefinations.close_the_browser()
]]></system-out>
    <system-err><![CDATA[Starting ChromeDriver 112.0.5615.49 (bd2a7bcb881c11e8cfe3078709382934e3916914-refs/branch-heads/5615@{#936}) on port 36970
All remote connections are allowed. Use an allowlist instead!
Please see https://chromedriver.chromium.org/security-considerations for suggestions on keeping ChromeDriver safe.
ChromeDriver was started successfully.
Apr 26, 2023 4:35:29 AM org.openqa.selenium.devtools.CdpVersionFinder findNearestMatch
WARNING: Unable to find an exact match for CDP version 112, so returning the closest version found: 110
]]></system-err>
  </testcase>
  <testcase name="runScenario[&quot;Search Customer by Name&quot;, &quot;Customers&quot;](3)" classname="com.tarakeswar.testRunner.TestRunner" time="26.251">
    <system-out><![CDATA[
@sanity
Scenario: Search Customer by Name                                        # src/test/resources/featureFiles/Customers.feature:29
04-26-2023 04:35:56 StepDefinations.java INFO  [main] Cucumber_Selenium_2023 34 - ************ Launching the browser*************
  Given user launch chrome browser                                       # com.tarakeswar.stepDefinations.StepDefinations.user_launch_chrome_browser()
04-26-2023 04:35:57 StepDefinations.java INFO  [main] Cucumber_Selenium_2023 43 - ************ Launching the https://admin-demo.nopcommerce.com/login*************
  When user opens URL "https://admin-demo.nopcommerce.com/login"         # com.tarakeswar.stepDefinations.StepDefinations.user_opens_url(java.lang.String)
04-26-2023 04:35:58 StepDefinations.java INFO  [main] Cucumber_Selenium_2023 51 - ************ Enetering username asadmin@yourstore.com*************
04-26-2023 04:35:58 StepDefinations.java INFO  [main] Cucumber_Selenium_2023 53 - ************ Enetering password asadmin*************
  And user enters email as "admin@yourstore.com" and password as "admin" # com.tarakeswar.stepDefinations.StepDefinations.user_enters_email_as_and_password_as(java.lang.String,java.lang.String)
04-26-2023 04:36:03 StepDefinations.java INFO  [main] Cucumber_Selenium_2023 59 - ************ clicking on sign in button *************
  And click on login                                                     # com.tarakeswar.stepDefinations.StepDefinations.click_on_login()
  Then user can view dashboard                                           # com.tarakeswar.stepDefinations.StepDefinations.user_can_view_dashboard()
04-26-2023 04:36:08 StepDefinations.java INFO  [main] Cucumber_Selenium_2023 101 - ************ clicking on the customer menu *************
  When user clicks on the customer menu                                  # com.tarakeswar.stepDefinations.StepDefinations.user_clicks_on_the_customer_menu()
04-26-2023 04:36:16 StepDefinations.java INFO  [main] Cucumber_Selenium_2023 110 - ************ clicking on the customer menu item *************
  And click on customers menu Item                                       # com.tarakeswar.stepDefinations.StepDefinations.click_on_customers_menu_item()
04-26-2023 04:36:16 StepDefinations.java INFO  [main] Cucumber_Selenium_2023 188 - ************ Entering the firstname *************
  And enter customer Firstname                                           # com.tarakeswar.stepDefinations.StepDefinations.enter_customer_Firstname()
04-26-2023 04:36:16 StepDefinations.java INFO  [main] Cucumber_Selenium_2023 194 - ************ Entering the lastname *************
  And enter customer Lastname                                            # com.tarakeswar.stepDefinations.StepDefinations.enter_customer_Laststname()
04-26-2023 04:36:17 StepDefinations.java INFO  [main] Cucumber_Selenium_2023 173 - ************ clicking the seach button *************
  When click on search button                                            # com.tarakeswar.stepDefinations.StepDefinations.click_on_search_button()
  Then user should found name in the search table                        # com.tarakeswar.stepDefinations.StepDefinations.user_should_found_name_in_the_search_table()
04-26-2023 04:36:20 StepDefinations.java INFO  [main] Cucumber_Selenium_2023 86 - ************ closing the browser *************
  And close the browser                                                  # com.tarakeswar.stepDefinations.StepDefinations.close_the_browser()
]]></system-out>
    <system-err><![CDATA[Starting ChromeDriver 112.0.5615.49 (bd2a7bcb881c11e8cfe3078709382934e3916914-refs/branch-heads/5615@{#936}) on port 21427
All remote connections are allowed. Use an allowlist instead!
Please see https://chromedriver.chromium.org/security-considerations for suggestions on keeping ChromeDriver safe.
ChromeDriver was started successfully.
Apr 26, 2023 4:35:56 AM org.openqa.selenium.devtools.CdpVersionFinder findNearestMatch
WARNING: Unable to find an exact match for CDP version 112, so returning the closest version found: 110
[1682463980.712][SEVERE]: Unable to receive message from renderer
]]></system-err>
  </testcase>
</testsuite>