<?xml version="1.0" encoding="UTF-8"?>
<testng-results ignored="0" total="1" passed="1" failed="0" skipped="0">
  <reporter-output>
  </reporter-output>
  <suite started-at="2023-04-26T04:06:40 IST" name="Default suite" finished-at="2023-04-26T04:07:12 IST" duration-ms="32236">
    <groups>
      <group name="cucumber">
        <method signature="AbstractTestNGCucumberTests.runScenario(io.cucumber.testng.PickleWrapper,io.cucumber.testng.FeatureWrapper)[pri:0, instance:com.tarakeswar.testRunner.TestRunner@264f218]" name="runScenario" class="io.cucumber.testng.AbstractTestNGCucumberTests"/>
      </group> <!-- cucumber -->
    </groups>
    <test started-at="2023-04-26T04:06:40 IST" name="Default test" finished-at="2023-04-26T04:07:12 IST" duration-ms="32236">
      <class name="com.tarakeswar.testRunner.TestRunner">
        <test-method is-config="true" signature="setUpClass(org.testng.ITestContext)[pri:0, instance:com.tarakeswar.testRunner.TestRunner@264f218]" started-at="2023-04-26T04:06:40 IST" name="setUpClass" finished-at="2023-04-26T04:06:41 IST" duration-ms="1342" status="PASS">
          <params>
            <param index="0">
              <value>
                <![CDATA[org.testng.TestRunner@1ca610a0]]>
              </value>
            </param>
          </params>
          <reporter-output>
          </reporter-output>
        </test-method> <!-- setUpClass -->
        <test-method signature="runScenario(io.cucumber.testng.PickleWrapper,io.cucumber.testng.FeatureWrapper)[pri:0, instance:com.tarakeswar.testRunner.TestRunner@264f218]" started-at="2023-04-26T04:06:41 IST" name="runScenario" description="Runs Cucumber Scenarios" data-provider="scenarios" finished-at="2023-04-26T04:07:12 IST" duration-ms="30516" status="PASS">
          <params>
            <param index="0">
              <value>
                <![CDATA["Search Customer by EmailID"]]>
              </value>
            </param>
            <param index="1">
              <value>
                <![CDATA["Customers"]]>
              </value>
            </param>
          </params>
          <reporter-output>
          </reporter-output>
        </test-method> <!-- runScenario -->
        <test-method is-config="true" signature="tearDownClass()[pri:0, instance:com.tarakeswar.testRunner.TestRunner@264f218]" started-at="2023-04-26T04:07:12 IST" name="tearDownClass" finished-at="2023-04-26T04:07:12 IST" duration-ms="249" status="PASS">
          <reporter-output>
          </reporter-output>
        </test-method> <!-- tearDownClass -->
      </class> <!-- com.tarakeswar.testRunner.TestRunner -->
    </test> <!-- Default test -->
  </suite> <!-- Default suite -->
</testng-results>
